<?xml version="1.0" encoding="UTF-8"?>
<coverage generated="1700615076123" clover="3.2.0">
  <project timestamp="1700615076123" name="All files">
    <metrics statements="14" coveredstatements="13" conditionals="12" coveredconditionals="11" methods="2" coveredmethods="2" elements="28" coveredelements="26" complexity="0" loc="14" ncloc="14" packages="1" files="1" classes="1"/>
    <file name="util.js" path="D:\Desarrollo\Javascript\testing\Formulario-Estudiantil-master\util.js">
      <metrics statements="14" coveredstatements="13" conditionals="12" coveredconditionals="11" methods="2" coveredmethods="2"/>
      <line num="1" count="1" type="stmt"/>
      <line num="3" count="3" type="cond" truecount="4" falsecount="0"/>
      <line num="4" count="1" type="stmt"/>
      <line num="9" count="1" type="stmt"/>
      <line num="11" count="2" type="cond" truecount="2" falsecount="0"/>
      <line num="12" count="1" type="stmt"/>
      <line num="17" count="1" type="stmt"/>
      <line num="19" count="1" type="stmt"/>
      <line num="22" count="1" type="stmt"/>
      <line num="24" count="4" type="cond" truecount="2" falsecount="0"/>
      <line num="25" count="3" type="stmt"/>
      <line num="27" count="1" type="cond" truecount="3" falsecount="1"/>
      <line num="28" count="0" type="stmt"/>
      <line num="30" count="1" type="stmt"/>
    </file>
  </project>
</coverage>
